<?xml version="1.0" encoding="UTF-8"?>
<robot generator="Robot 7.4.2 (Python 3.12.5 on win32)" generated="2026-04-01T13:43:24.099055" rpa="false" schemaversion="5">
<suite id="s1" name="Browser Demo3" source="C:\Users\Lukas\Downloads\FE\hyte-projekt\browser_demo3.robot">
<test id="s1-t1" name="Only Login" line="6">
<kw name="New Browser" owner="Browser">
<msg time="2026-04-01T13:43:24.378097" level="INFO">{"browser": "chromium", "headless": false, "chromiumSandbox": false, "devtools": false, "handleSIGHUP": true, "handleSIGINT": true, "handleSIGTERM": true, "slowMo": 0.0, "timeout": 30000.0, "tracesDir": "C:\\Users\\Lukas\\Downloads\\FE\\hyte-projekt\\browser\\traces\\temp\\19597b22-c6f1-44db-9902-d86c8de2b786"}</msg>
<msg time="2026-04-01T13:43:24.410302" level="INFO">Starting Browser process C:\Users\Lukas\Downloads\FE\hyte-projekt\.venv\Lib\site-packages\Browser\wrapper\index.js using at 127.0.0.1:53384</msg>
<msg time="2026-04-01T13:43:25.960924" level="INFO">Successfully created browser with options: {"browser":"chromium","headless":false,"chromiumSandbox":false,"devtools":false,"handleSIGHUP":true,"handleSIGINT":true,"handleSIGTERM":true,"slowMo":0,"timeout":30000,"tracesDir":"C:\\Users\\Lukas\\Downloads\\FE\\hyte-projekt\\browser\\traces\\temp\\19597b22-c6f1-44db-9902-d86c8de2b786"}</msg>
<arg>chromium</arg>
<arg>headless=No</arg>
<tag>BrowserControl</tag>
<tag>Setter</tag>
<doc>Create a new playwright Browser with specified options.</doc>
<status status="PASS" start="2026-04-01T13:43:24.375544" elapsed="1.585380"/>
</kw>
<kw name="New Page" owner="Browser">
<msg time="2026-04-01T13:43:27.319885" level="INFO">Successfully initialized new page object and opened url: http://localhost:5173/login.html</msg>
<msg time="2026-04-01T13:43:27.321889" level="INFO">No context was open. New context was automatically opened when this page is created.</msg>
<arg>${BASE_URL}</arg>
<tag>BrowserControl</tag>
<tag>Setter</tag>
<doc>Open a new Page.</doc>
<status status="PASS" start="2026-04-01T13:43:25.983596" elapsed="1.338293"/>
</kw>
<kw name="Scroll To" owner="Browser">
<msg time="2026-04-01T13:43:27.509918" level="INFO">JavaScript executed successfully.</msg>
<msg time="2026-04-01T13:43:27.513803" level="INFO">JavaScript executed successfully.</msg>
<msg time="2026-04-01T13:43:27.538895" level="INFO">JavaScript executed successfully.</msg>
<msg time="2026-04-01T13:43:27.538895" level="INFO">JavaScript executed successfully.</msg>
<msg time="2026-04-01T13:43:27.556503" level="INFO">JavaScript executed successfully.</msg>
<arg>input[placeholder="name"]</arg>
<tag>PageContent</tag>
<tag>Setter</tag>
<doc>Scrolls an element or the page to an absolute position based on given coordinates.</doc>
<status status="PASS" start="2026-04-01T13:43:27.337468" elapsed="0.219035"/>
</kw>
<kw name="Wait For Elements State" owner="Browser">
<msg time="2026-04-01T13:43:27.588861" level="INFO">Waited for Element with selector input[placeholder="name"] at state visible</msg>
<arg>input[placeholder="name"]</arg>
<arg>visible</arg>
<tag>PageContent</tag>
<tag>Wait</tag>
<doc>Waits for the element found by ``selector`` to satisfy state option.</doc>
<status status="PASS" start="2026-04-01T13:43:27.574785" elapsed="0.014076"/>
</kw>
<kw name="Type Text" owner="Browser">
<msg time="2026-04-01T13:43:27.591901" level="INFO">Types the text 'Lukas' in the given field.</msg>
<arg>input[placeholder="name"]</arg>
<arg>${USERNAME}</arg>
<tag>PageContent</tag>
<tag>Setter</tag>
<doc>Types the given ``txt`` into the text field found by ``selector``.</doc>
<status status="PASS" start="2026-04-01T13:43:27.590854" elapsed="0.071135"/>
</kw>
<kw name="Type Secret" owner="Browser">
<arg>input[placeholder="password123"]</arg>
<arg>$PASSWORD</arg>
<tag>PageContent</tag>
<tag>Setter</tag>
<doc>Types the given secret from ``variable_name`` into the text field
found by ``selector``.</doc>
<status status="PASS" start="2026-04-01T13:43:27.690970" elapsed="0.084063"/>
</kw>
<kw name="Scroll To" owner="Browser">
<msg time="2026-04-01T13:43:27.837224" level="INFO">JavaScript executed successfully.</msg>
<msg time="2026-04-01T13:43:27.837224" level="INFO">JavaScript executed successfully.</msg>
<msg time="2026-04-01T13:43:27.868822" level="INFO">JavaScript executed successfully.</msg>
<msg time="2026-04-01T13:43:27.868822" level="INFO">JavaScript executed successfully.</msg>
<msg time="2026-04-01T13:43:27.885356" level="INFO">JavaScript executed successfully.</msg>
<arg>text=Login and get new token</arg>
<tag>PageContent</tag>
<tag>Setter</tag>
<doc>Scrolls an element or the page to an absolute position based on given coordinates.</doc>
<status status="PASS" start="2026-04-01T13:43:27.798710" elapsed="0.086646"/>
</kw>
<kw name="Wait For Elements State" owner="Browser">
<msg time="2026-04-01T13:43:27.906167" level="INFO">Waited for Element with selector text=Login and get new token at state visible</msg>
<arg>text=Login and get new token</arg>
<arg>visible</arg>
<tag>PageContent</tag>
<tag>Wait</tag>
<doc>Waits for the element found by ``selector`` to satisfy state option.</doc>
<status status="PASS" start="2026-04-01T13:43:27.898675" elapsed="0.007492"/>
</kw>
<kw name="Click" owner="Browser">
<msg time="2026-04-01T13:43:27.940638" level="INFO">Clicks the element 'text=Login and get new token'.</msg>
<arg>text=Login and get new token</arg>
<tag>PageContent</tag>
<tag>Setter</tag>
<doc>Simulates mouse click on the element found by ``selector``.</doc>
<status status="PASS" start="2026-04-01T13:43:27.940638" elapsed="0.055708"/>
</kw>
<kw name="Sleep" owner="BuiltIn">
<msg time="2026-04-01T13:43:30.018631" level="INFO">Slept 2 seconds.</msg>
<arg>2s</arg>
<doc>Pauses the test executed for the given time.</doc>
<status status="PASS" start="2026-04-01T13:43:28.017557" elapsed="2.001074"/>
</kw>
<status status="PASS" start="2026-04-01T13:43:24.374792" elapsed="5.644939"/>
</test>
<status status="PASS" start="2026-04-01T13:43:24.099055" elapsed="5.933508"/>
</suite>
<statistics>
<total>
<stat pass="1" fail="0" skip="0">All Tests</stat>
</total>
<tag>
</tag>
<suite>
<stat name="Browser Demo3" id="s1" pass="1" fail="0" skip="0">Browser Demo3</stat>
</suite>
</statistics>
<errors>
</errors>
</robot>
